[2K[1G[1myarn run v1.22.22[22m
[2K[1G[2m$ tsc --noEmit[22m
[96msrc/utils/jwt.ts[0m:[93m10[0m:[93m14[0m - [91merror[0m[90m TS2769: [0mNo overload matches this call.
  Overload 1 of 5, '(payload: string | object | Buffer<ArrayBufferLike>, secretOrPrivateKey: null, options?: (SignOptions & { algorithm: "none"; }) | undefined): string', gave the following error.
    Argument of type 'string' is not assignable to parameter of type 'null'.
  Overload 2 of 5, '(payload: string | object | Buffer<ArrayBufferLike>, secretOrPrivateKey: Buffer<ArrayBufferLike> | Secret | PrivateKeyInput | JsonWebKeyInput, options?: SignOptions | undefined): string', gave the following error.
    Type 'string' is not assignable to type 'number | StringValue | undefined'.
  Overload 3 of 5, '(payload: string | object | Buffer<ArrayBufferLike>, secretOrPrivateKey: Buffer<ArrayBufferLike> | Secret | PrivateKeyInput | JsonWebKeyInput, callback: SignCallback): void', gave the following error.
    Object literal may only specify known properties, and 'expiresIn' does not exist in type 'SignCallback'.

[7m10[0m   return jwt.sign(payload, env.JWT_SECRET, { expiresIn: env.JWT_EXPIRES_IN });
[7m  [0m [91m             ~~~~[0m


[96msrc/utils/toAuthUser.ts[0m:[93m10[0m:[93m5[0m - [91merror[0m[90m TS2322: [0mType 'number | null | undefined' is not assignable to type 'number | undefined'.
  Type 'null' is not assignable to type 'number | undefined'.

[7m10[0m     currentYear: user.currentYear,
[7m  [0m [91m    ~~~~~~~~~~~[0m

  [96m../../packages/types/src/index.ts[0m:[93m10[0m:[93m3[0m
    [7m10[0m   currentYear?: number;
    [7m  [0m [96m  ~~~~~~~~~~~[0m
    The expected type comes from property 'currentYear' which is declared here on type 'AuthUser'


Found 2 errors in 2 files.

Errors  Files
     1  src/utils/jwt.ts[90m:10[0m
     1  src/utils/toAuthUser.ts[90m:10[0m
[2K[1G[31merror[39m Command failed with exit code 2.
[2K[1G[34minfo[39m Visit [1mhttps://yarnpkg.com/en/docs/cli/run[22m for documentation about this command.
